#
# A fatal error has been detected by the Java Runtime Environment:
#
#  EXCEPTION_ACCESS_VIOLATION (0xc0000005) at pc=0x5ac36e73, pid=5436, tid=2032
#
# JRE version: Java(TM) SE Runtime Environment (8.0_05-b13) (build 1.8.0_05-b13)
# Java VM: Java HotSpot(TM) Client VM (25.5-b02 mixed mode windows-x86 )
# Problematic frame:
# V  [jvm.dll+0xd6e73]
#
# Failed to write core dump. Minidumps are not enabled by default on client versions of Windows
#
# If you would like to submit a bug report, please visit:
#   http://bugreport.sun.com/bugreport/crash.jsp
#

---------------  T H R E A D  ---------------

Current thread (0x05bd4000):  JavaThread "AWT-Windows" daemon [_thread_in_vm, id=2032, stack(0x064c0000,0x06510000)]

siginfo: ExceptionCode=0xc0000005, reading address 0x00000000

Registers:
EAX=0x00000006, EBX=0x05bd4000, ECX=0x00000000, EDX=0x05bd724c
ESP=0x0650f52c, EBP=0x0650f574, ESI=0x0650eca4, EDI=0x05bd4130
EIP=0x5ac36e73, EFLAGS=0x00010246

Top of Stack: (sp=0x0650f52c)
0x0650f52c:   00000000 05bd4130 00000001 5ae1edd4
0x0650f53c:   0200c608 0650f5c0 00000000 0000000e
0x0650f54c:   0650f4d4 0650f59c 0000000e 5ac2d1db
0x0650f55c:   0650f2f0 5ac2d21c 05bd4000 00000000
0x0650f56c:   00000000 00000001 58ca14a9 58c6a9e3
0x0650f57c:   05bd4130 04d386cc 05b77a98 0650f59c
0x0650f58c:   58c9231c 05bd4130 04d386cc 05b77a98
0x0650f59c:   00000000 58cee4c8 58c92697 00000000 

Instructions: (pc=0x5ac36e73)
0x5ac36e53:   0c 89 57 08 8b 46 10 89 47 0c eb 41 83 7d f4 00
0x5ac36e63:   74 08 8d 4d f0 e8 23 8e 0b 00 8b 73 28 8b 4e 08
0x5ac36e73:   83 39 00 8b 7e 04 74 13 8b 56 14 52 8b cf e8 0a
0x5ac36e83:   9d fa ff 8b 4e 08 e8 12 a2 fa ff 8b 46 08 89 47 


Register to memory mapping:

EAX=0x00000006 is an unknown value
EBX=0x05bd4000 is a thread
ECX=0x00000000 is an unknown value
EDX=0x05bd724c is an unknown value
ESP=0x0650f52c is pointing into the stack for thread: 0x05bd4000
EBP=0x0650f574 is pointing into the stack for thread: 0x05bd4000
ESI=0x0650eca4 is pointing into the stack for thread: 0x05bd4000
EDI=0x05bd4130 is an unknown value


Stack: [0x064c0000,0x06510000],  sp=0x0650f52c,  free space=317k
Native frames: (J=compiled Java code, j=interpreted, Vv=VM code, C=native code)
V  [jvm.dll+0xd6e73]

Java frames: (J=compiled Java code, j=interpreted, Vv=VM code)
j  sun.awt.windows.WToolkit.eventLoop()V+0
j  sun.awt.windows.WToolkit.run()V+58
j  java.lang.Thread.run()V+11
v  ~StubRoutines::call_stub

---------------  P R O C E S S  ---------------

Java Threads: ( => current thread )
  0x05cd0000 JavaThread "Prism Font Disposer" daemon [_thread_blocked, id=2180, stack(0x0c410000,0x0c460000)]
  0x05ccf400 JavaThread "Thread-9" daemon [_thread_in_native, id=580, stack(0x099e0000,0x09a30000)]
  0x05ccec00 JavaThread "JavaFX Application Thread" [_thread_blocked, id=3604, stack(0x08ea0000,0x08ef0000)]
  0x05c7f000 JavaThread "Thread-8" daemon [_thread_blocked, id=2452, stack(0x08650000,0x086a0000)]
  0x05c64c00 JavaThread "QuantumRenderer-0" daemon [_thread_blocked, id=2188, stack(0x08d50000,0x08da0000)]
  0x020fd000 JavaThread "DestroyJavaVM" [_thread_blocked, id=6520, stack(0x002c0000,0x00310000)]
  0x05c36800 JavaThread "D3D Screen Updater" daemon [_thread_in_native, id=3756, stack(0x08990000,0x089e0000)]
  0x05c1d000 JavaThread "AWT-EventQueue-0" [_thread_blocked, id=6088, stack(0x08760000,0x087b0000)]
=>0x05bd4000 JavaThread "AWT-Windows" daemon [_thread_in_vm, id=2032, stack(0x064c0000,0x06510000)]
  0x05bcd000 JavaThread "AWT-Shutdown" [_thread_blocked, id=2496, stack(0x063f0000,0x06440000)]
  0x05bcc800 JavaThread "Java2D Disposer" daemon [_thread_blocked, id=6060, stack(0x05a20000,0x05a70000)]
  0x04ebfc00 JavaThread "Service Thread" daemon [_thread_blocked, id=1076, stack(0x05620000,0x05670000)]
  0x04ed3000 JavaThread "C1 CompilerThread0" daemon [_thread_blocked, id=3068, stack(0x05940000,0x05990000)]
  0x04de2800 JavaThread "*** Profiler Agent Special Execution Thread 6" daemon [_thread_blocked, id=6248, stack(0x05570000,0x055c0000)]
  0x04de1c00 JavaThread "*** JFluid Monitor thread ***" daemon [_thread_blocked, id=6508, stack(0x05690000,0x056e0000)]
  0x04dd8400 JavaThread "*** Profiler Agent Communication Thread" daemon [_thread_in_native, id=1676, stack(0x053d0000,0x05420000)]
  0x04d7b800 JavaThread "Attach Listener" daemon [_thread_blocked, id=6636, stack(0x05380000,0x053d0000)]
  0x04d78800 JavaThread "Signal Dispatcher" daemon [_thread_blocked, id=4568, stack(0x052b0000,0x05300000)]
  0x04d34000 JavaThread "Finalizer" daemon [_thread_blocked, id=4564, stack(0x001b0000,0x00200000)]
  0x04d2e400 JavaThread "Reference Handler" daemon [_thread_blocked, id=5956, stack(0x051a0000,0x051f0000)]

Other Threads:
  0x04d28000 VMThread [stack: 0x04f80000,0x04fd0000] [id=6956]
  0x05a8f000 WatcherThread [stack: 0x05700000,0x05750000] [id=4560]

VM state:not at safepoint (normal execution)

VM Mutex/Monitor currently owned by a thread: None

Heap:
 def new generation   total 31808K, used 5889K [0x0f200000, 0x11480000, 0x24750000)
  eden space 28288K,  10% used [0x0f200000, 0x0f4ec858, 0x10da0000)
  from space 3520K,  82% used [0x11110000, 0x113e3cc0, 0x11480000)
  to   space 3520K,   0% used [0x10da0000, 0x10da0000, 0x11110000)
 tenured generation   total 70520K, used 56490K [0x24750000, 0x28c2e000, 0x4f200000)
   the space 70520K,  80% used [0x24750000, 0x27e7a8b8, 0x27e7aa00, 0x28c2e000)
 Metaspace       used 15651K, capacity 15891K, committed 16000K, reserved 16768K

Card table byte_map: [0x046a0000,0x048b0000] byte_map_base: 0x04627000

Polling page: 0x00150000

CodeCache: size=32768Kb used=5530Kb max_used=5530Kb free=27237Kb
 bounds [0x026a0000, 0x02c08000, 0x046a0000]
 total_blobs=3609 nmethods=3155 adapters=384
 compilation: enabled

Compilation events (10 events):
Event: 318.342 Thread 0x04ed3000 3151   !         sun.java2d.d3d.D3DSwToSurfaceBlit::Blit (73 bytes)
Event: 318.343 Thread 0x04ed3000 nmethod 3151 0x02c03788 code [0x02c038b0, 0x02c03a80]
Event: 318.566 Thread 0x04ed3000 3152   !         GAVAL3D.Algorithm::Evolve (141 bytes)
Event: 318.570 Thread 0x04ed3000 nmethod 3152 0x02c03bc8 code [0x02c03e70, 0x02c045d4]
Event: 321.555 Thread 0x04ed3000 3153  s          javax.swing.RepaintManager::addInvalidComponent (111 bytes)
Event: 321.555 Thread 0x04ed3000 nmethod 3153 0x02c059c8 code [0x02c05b40, 0x02c05f90]
Event: 322.949 Thread 0x04ed3000 3154   !         javax.swing.JComponent$2::run (35 bytes)
Event: 322.949 Thread 0x04ed3000 nmethod 3154 0x02c06248 code [0x02c06360, 0x02c065a8]
Event: 325.908 Thread 0x04ed3000 3155             no.uib.cipr.matrix.AbstractMatrix::numRows (5 bytes)
Event: 325.908 Thread 0x04ed3000 nmethod 3155 0x02c06748 code [0x02c06840, 0x02c068c0]

GC Heap History (10 events):
Event: 369.741 GC heap before
{Heap before GC invocations=320 (full 7):
 def new generation   total 31808K, used 30723K [0x0f200000, 0x11480000, 0x24750000)
  eden space 28288K, 100% used [0x0f200000, 0x10da0000, 0x10da0000)
  from space 3520K,  69% used [0x10da0000, 0x11000d68, 0x11110000)
  to   space 3520K,   0% used [0x11110000, 0x11110000, 0x11480000)
 tenured generation   total 70520K, used 52212K [0x24750000, 0x28c2e000, 0x4f200000)
   the space 70520K,  74% used [0x24750000, 0x27a4d008, 0x27a4d200, 0x28c2e000)
 Metaspace       used 15651K, capacity 15891K, committed 16000K, reserved 16768K
Event: 369.746 GC heap after
Heap after GC invocations=321 (full 7):
 def new generation   total 31808K, used 2424K [0x0f200000, 0x11480000, 0x24750000)
  eden space 28288K,   0% used [0x0f200000, 0x0f200000, 0x10da0000)
  from space 3520K,  68% used [0x11110000, 0x1136e130, 0x11480000)
  to   space 3520K,   0% used [0x10da0000, 0x10da0000, 0x11110000)
 tenured generation   total 70520K, used 52212K [0x24750000, 0x28c2e000, 0x4f200000)
   the space 70520K,  74% used [0x24750000, 0x27a4d010, 0x27a4d200, 0x28c2e000)
 Metaspace       used 15651K, capacity 15891K, committed 16000K, reserved 16768K
}
Event: 370.246 GC heap before
{Heap before GC invocations=321 (full 7):
 def new generation   total 31808K, used 31428K [0x0f200000, 0x11480000, 0x24750000)
  eden space 28288K, 100% used [0x0f200000, 0x10da0000, 0x10da0000)
  from space 3520K,  89% used [0x11110000, 0x11421290, 0x11480000)
  to   space 3520K,   0% used [0x10da0000, 0x10da0000, 0x11110000)
 tenured generation   total 70520K, used 52212K [0x24750000, 0x28c2e000, 0x4f200000)
   the space 70520K,  74% used [0x24750000, 0x27a4d010, 0x27a4d200, 0x28c2e000)
 Metaspace       used 15651K, capacity 15891K, committed 16000K, reserved 16768K
Event: 370.253 GC heap after
Heap after GC invocations=322 (full 7):
 def new generation   total 31808K, used 3519K [0x0f200000, 0x11480000, 0x24750000)
  eden space 28288K,   0% used [0x0f200000, 0x0f200000, 0x10da0000)
  from space 3520K,  99% used [0x10da0000, 0x1110fff8, 0x11110000)
  to   space 3520K,   0% used [0x11110000, 0x11110000, 0x11480000)
 tenured generation   total 70520K, used 52306K [0x24750000, 0x28c2e000, 0x4f200000)
   the space 70520K,  74% used [0x24750000, 0x27a64a30, 0x27a64c00, 0x28c2e000)
 Metaspace       used 15651K, capacity 15891K, committed 16000K, reserved 16768K
}
Event: 370.779 GC heap before
{Heap before GC invocations=322 (full 7):
 def new generation   total 31808K, used 31807K [0x0f200000, 0x11480000, 0x24750000)
  eden space 28288K, 100% used [0x0f200000, 0x10da0000, 0x10da0000)
  from space 3520K,  99% used [0x10da0000, 0x1110fff8, 0x11110000)
  to   space 3520K,   0% used [0x11110000, 0x11110000, 0x11480000)
 tenured generation   total 70520K, used 52306K [0x24750000, 0x28c2e000, 0x4f200000)
   the space 70520K,  74% used [0x24750000, 0x27a64a30, 0x27a64c00, 0x28c2e000)
 Metaspace       used 15651K, capacity 15891K, committed 16000K, reserved 16768K
Event: 370.786 GC heap after
Heap after GC invocations=323 (full 7):
 def new generation   total 31808K, used 2423K [0x0f200000, 0x11480000, 0x24750000)
  eden space 28288K,   0% used [0x0f200000, 0x0f200000, 0x10da0000)
  from space 3520K,  68% used [0x11110000, 0x1136ded0, 0x11480000)
  to   space 3520K,   0% used [0x10da0000, 0x10da0000, 0x11110000)
 tenured generation   total 70520K, used 53352K [0x24750000, 0x28c2e000, 0x4f200000)
   the space 70520K,  75% used [0x24750000, 0x27b6a2d8, 0x27b6a400, 0x28c2e000)
 Metaspace       used 15651K, capacity 15891K, committed 16000K, reserved 16768K
}
Event: 371.844 GC heap before
{Heap before GC invocations=323 (full 7):
 def new generation   total 31808K, used 30711K [0x0f200000, 0x11480000, 0x24750000)
  eden space 28288K, 100% used [0x0f200000, 0x10da0000, 0x10da0000)
  from space 3520K,  68% used [0x11110000, 0x1136ded0, 0x11480000)
  to   space 3520K,   0% used [0x10da0000, 0x10da0000, 0x11110000)
 tenured generation   total 70520K, used 53352K [0x24750000, 0x28c2e000, 0x4f200000)
   the space 70520K,  75% used [0x24750000, 0x27b6a2d8, 0x27b6a400, 0x28c2e000)
 Metaspace       used 15651K, capacity 15891K, committed 16000K, reserved 16768K
Event: 371.853 GC heap after
Heap after GC invocations=324 (full 7):
 def new generation   total 31808K, used 3519K [0x0f200000, 0x11480000, 0x24750000)
  eden space 28288K,   0% used [0x0f200000, 0x0f200000, 0x10da0000)
  from space 3520K,  99% used [0x10da0000, 0x1110fff0, 0x11110000)
  to   space 3520K,   0% used [0x11110000, 0x11110000, 0x11480000)
 tenured generation   total 70520K, used 53804K [0x24750000, 0x28c2e000, 0x4f200000)
   the space 70520K,  76% used [0x24750000, 0x27bdb040, 0x27bdb200, 0x28c2e000)
 Metaspace       used 15651K, capacity 15891K, committed 16000K, reserved 16768K
}
Event: 373.234 GC heap before
{Heap before GC invocations=324 (full 7):
 def new generation   total 31808K, used 31807K [0x0f200000, 0x11480000, 0x24750000)
  eden space 28288K, 100% used [0x0f200000, 0x10da0000, 0x10da0000)
  from space 3520K,  99% used [0x10da0000, 0x1110fff0, 0x11110000)
  to   space 3520K,   0% used [0x11110000, 0x11110000, 0x11480000)
 tenured generation   total 70520K, used 54099K [0x24750000, 0x28c2e000, 0x4f200000)
   the space 70520K,  76% used [0x24750000, 0x27c24e60, 0x27c25000, 0x28c2e000)
 Metaspace       used 15651K, capacity 15891K, committed 16000K, reserved 16768K
Event: 373.242 GC heap after
Heap after GC invocations=325 (full 7):
 def new generation   total 31808K, used 2895K [0x0f200000, 0x11480000, 0x24750000)
  eden space 28288K,   0% used [0x0f200000, 0x0f200000, 0x10da0000)
  from space 3520K,  82% used [0x11110000, 0x113e3cc0, 0x11480000)
  to   space 3520K,   0% used [0x10da0000, 0x10da0000, 0x11110000)
 tenured generation   total 70520K, used 56490K [0x24750000, 0x28c2e000, 0x4f200000)
   the space 70520K,  80% used [0x24750000, 0x27e7a8b8, 0x27e7aa00, 0x28c2e000)
 Metaspace       used 15651K, capacity 15891K, committed 16000K, reserved 16768K
}

Deoptimization events (0 events):
No events

Internal exceptions (10 events):
Event: 186.844 Thread 0x05ccec00 Exception <a 'java/security/PrivilegedActionException'> (0x100e2bb8) thrown at [D:\re\workspace\8-2-build-windows-i586-cygwin\jdk8u5\2488\hotspot\src\share\vm\prims\jvm.cpp, line 1248]
Event: 186.848 Thread 0x05ccec00 Exception <a 'java/security/PrivilegedActionException'> (0x100e9a88) thrown at [D:\re\workspace\8-2-build-windows-i586-cygwin\jdk8u5\2488\hotspot\src\share\vm\prims\jvm.cpp, line 1248]
Event: 186.851 Thread 0x05ccec00 Exception <a 'java/security/PrivilegedActionException'> (0x100ec6a0) thrown at [D:\re\workspace\8-2-build-windows-i586-cygwin\jdk8u5\2488\hotspot\src\share\vm\prims\jvm.cpp, line 1248]
Event: 186.887 Thread 0x05ccec00 Exception <a 'java/security/PrivilegedActionException'> (0x100f39a0) thrown at [D:\re\workspace\8-2-build-windows-i586-cygwin\jdk8u5\2488\hotspot\src\share\vm\prims\jvm.cpp, line 1248]
Event: 186.928 Thread 0x05ccec00 Exception <a 'java/security/PrivilegedActionException'> (0x101088d8) thrown at [D:\re\workspace\8-2-build-windows-i586-cygwin\jdk8u5\2488\hotspot\src\share\vm\prims\jvm.cpp, line 1248]
Event: 186.958 Thread 0x05ccec00 Exception <a 'java/security/PrivilegedActionException'> (0x1010ae60) thrown at [D:\re\workspace\8-2-build-windows-i586-cygwin\jdk8u5\2488\hotspot\src\share\vm\prims\jvm.cpp, line 1248]
Event: 186.989 Thread 0x05ccec00 Exception <a 'java/security/PrivilegedActionException'> (0x1010cff8) thrown at [D:\re\workspace\8-2-build-windows-i586-cygwin\jdk8u5\2488\hotspot\src\share\vm\prims\jvm.cpp, line 1248]
Event: 203.274 Thread 0x05ccec00 Exception <a 'java/security/PrivilegedActionException'> (0x10515420) thrown at [D:\re\workspace\8-2-build-windows-i586-cygwin\jdk8u5\2488\hotspot\src\share\vm\prims\jvm.cpp, line 1248]
Event: 214.727 Thread 0x05ccec00 Exception <a 'java/security/PrivilegedActionException'> (0x0fb70f88) thrown at [D:\re\workspace\8-2-build-windows-i586-cygwin\jdk8u5\2488\hotspot\src\share\vm\prims\jvm.cpp, line 1248]
Event: 215.164 Thread 0x05ccec00 Exception <a 'java/security/PrivilegedActionException'> (0x0fb74728) thrown at [D:\re\workspace\8-2-build-windows-i586-cygwin\jdk8u5\2488\hotspot\src\share\vm\prims\jvm.cpp, line 1248]

Events (10 events):
Event: 370.246 Executing VM operation: GenCollectFull
Event: 370.253 Executing VM operation: GenCollectFull done
Event: 370.779 Executing VM operation: GenCollectForAllocation
Event: 370.786 Executing VM operation: GenCollectForAllocation done
Event: 371.844 Executing VM operation: GenCollectForAllocation
Event: 371.853 Executing VM operation: GenCollectForAllocation done
Event: 373.206 Executing VM operation: GenCollectForAllocation
Event: 373.206 Executing VM operation: GenCollectForAllocation done
Event: 373.206 Executing VM operation: GenCollectForAllocation
Event: 373.242 Executing VM operation: GenCollectForAllocation done


Dynamic libraries:
0x00160000 - 0x00190000 	C:\Program Files (x86)\Java\jdk1.8.0_05\bin\java.exe
0x77340000 - 0x774c0000 	C:\Windows\SysWOW64\ntdll.dll
0x74a90000 - 0x74ba0000 	C:\Windows\syswow64\kernel32.dll
0x76890000 - 0x768d6000 	C:\Windows\syswow64\KERNELBASE.dll
0x75e60000 - 0x75f00000 	C:\Windows\syswow64\ADVAPI32.dll
0x76340000 - 0x763ec000 	C:\Windows\syswow64\msvcrt.dll
0x75d40000 - 0x75d59000 	C:\Windows\SysWOW64\sechost.dll
0x766e0000 - 0x767d0000 	C:\Windows\syswow64\RPCRT4.dll
0x74a30000 - 0x74a90000 	C:\Windows\syswow64\SspiCli.dll
0x74a20000 - 0x74a2c000 	C:\Windows\syswow64\CRYPTBASE.dll
0x74c10000 - 0x74d10000 	C:\Windows\syswow64\USER32.dll
0x761e0000 - 0x76270000 	C:\Windows\syswow64\GDI32.dll
0x77310000 - 0x7731a000 	C:\Windows\syswow64\LPK.dll
0x75dc0000 - 0x75e5d000 	C:\Windows\syswow64\USP10.dll
0x71e50000 - 0x71fee000 	C:\Windows\WinSxS\x86_microsoft.windows.common-controls_6595b64144ccf1df_6.0.7601.17514_none_41e6975e2bd6f2b2\COMCTL32.dll
0x75d60000 - 0x75db7000 	C:\Windows\syswow64\SHLWAPI.dll
0x762a0000 - 0x76300000 	C:\Windows\system32\IMM32.DLL
0x75a90000 - 0x75b5c000 	C:\Windows\syswow64\MSCTF.dll
0x71df0000 - 0x71e1c000 	C:\Windows\SysWOW64\nvinit.dll
0x0f000000 - 0x0f006000 	C:\Program Files (x86)\NVIDIA Corporation\CoProcManager\detoured.dll
0x71690000 - 0x716bb000 	C:\Program Files (x86)\NVIDIA Corporation\CoProcManager\nvd3d9wrap.dll
0x768e0000 - 0x76a7d000 	C:\Windows\syswow64\SETUPAPI.dll
0x76310000 - 0x76337000 	C:\Windows\syswow64\CFGMGR32.dll
0x76420000 - 0x764af000 	C:\Windows\syswow64\OLEAUT32.dll
0x75f00000 - 0x7605c000 	C:\Windows\syswow64\ole32.dll
0x75d20000 - 0x75d32000 	C:\Windows\syswow64\DEVOBJ.dll
0x711d0000 - 0x711ef000 	C:\Program Files (x86)\NVIDIA Corporation\CoProcManager\nvdxgiwrap.dll
0x58d40000 - 0x58dff000 	C:\Program Files (x86)\Java\jdk1.8.0_05\jre\bin\msvcr100.dll
0x5ab60000 - 0x5aef6000 	C:\Program Files (x86)\Java\jdk1.8.0_05\jre\bin\client\jvm.dll
0x71e20000 - 0x71e27000 	C:\Windows\system32\WSOCK32.dll
0x76850000 - 0x76885000 	C:\Windows\syswow64\WS2_32.dll
0x74bf0000 - 0x74bf6000 	C:\Windows\syswow64\NSI.dll
0x73e40000 - 0x73e72000 	C:\Windows\system32\WINMM.dll
0x76300000 - 0x76305000 	C:\Windows\syswow64\PSAPI.DLL
0x6d5b0000 - 0x6d5bc000 	C:\Program Files (x86)\Java\jdk1.8.0_05\jre\bin\verify.dll
0x6d580000 - 0x6d5a1000 	C:\Program Files (x86)\Java\jdk1.8.0_05\jre\bin\java.dll
0x6c6e0000 - 0x6c6ec000 	C:\Program Files (x86)\NetBeans 8.0\profiler\lib\deployed\jdk16\windows\profilerinterface.dll
0x67130000 - 0x67143000 	C:\Program Files (x86)\Java\jdk1.8.0_05\jre\bin\zip.dll
0x74e40000 - 0x75a8a000 	C:\Windows\syswow64\SHELL32.dll
0x71650000 - 0x7165b000 	C:\Windows\system32\profapi.dll
0x6d600000 - 0x6d614000 	C:\Program Files (x86)\Java\jdk1.8.0_05\jre\bin\net.dll
0x73480000 - 0x734bc000 	C:\Windows\system32\mswsock.dll
0x6e1d0000 - 0x6e1d6000 	C:\Windows\System32\wship6.dll
0x6d8b0000 - 0x6d8ba000 	C:\Program Files (x86)\Java\jdk1.8.0_05\jre\bin\management.dll
0x6d8c0000 - 0x6d8cf000 	C:\Program Files (x86)\Java\jdk1.8.0_05\jre\bin\nio.dll
0x71190000 - 0x711a6000 	C:\Windows\system32\CRYPTSP.dll
0x71120000 - 0x7115b000 	C:\Windows\system32\rsaenh.dll
0x70b50000 - 0x70b67000 	C:\Windows\system32\USERENV.dll
0x71890000 - 0x718ac000 	C:\Windows\system32\IPHLPAPI.DLL
0x71dc0000 - 0x71dc7000 	C:\Windows\system32\WINNSI.DLL
0x71740000 - 0x71752000 	C:\Windows\system32\dhcpcsvc.DLL
0x72fc0000 - 0x72fcd000 	C:\Windows\system32\dhcpcsvc6.DLL
0x58bf0000 - 0x58d35000 	C:\Program Files (x86)\Java\jdk1.8.0_05\jre\bin\awt.dll
0x734e0000 - 0x734f3000 	C:\Windows\system32\DWMAPI.DLL
0x73590000 - 0x73610000 	C:\Windows\system32\uxtheme.dll
0x5dc40000 - 0x5de03000 	C:\Windows\system32\d3d9.dll
0x71860000 - 0x71869000 	C:\Windows\system32\VERSION.dll
0x671f0000 - 0x671f6000 	C:\Windows\system32\d3d8thk.dll
0x5f3e0000 - 0x5f4bd000 	C:\Windows\system32\nvumdshim.dll
0x5b8c0000 - 0x5c35d000 	C:\Windows\system32\igdumd32.dll
0x6d5c0000 - 0x6d5f9000 	C:\Program Files (x86)\Java\jdk1.8.0_05\jre\bin\fontmanager.dll
0x00320000 - 0x00327000 	C:\Program Files (x86)\Internet Download Manager\idmmkb.dll
0x5f200000 - 0x5f230000 	C:\Program Files (x86)\Java\jdk1.8.0_05\jre\bin\t2k.dll
0x5f1a0000 - 0x5f1c3000 	C:\Program Files (x86)\Java\jdk1.8.0_05\jre\bin\prism_d3d.dll
0x5f160000 - 0x5f193000 	C:\Program Files (x86)\Java\jdk1.8.0_05\jre\bin\glass.dll
0x767d0000 - 0x7684b000 	C:\Windows\syswow64\COMDLG32.dll
0x764b0000 - 0x76533000 	C:\Windows\syswow64\CLBCatQ.DLL
0x5f080000 - 0x5f0a4000 	C:\Program Files (x86)\Java\jdk1.8.0_05\jre\bin\dcpr.dll
0x67230000 - 0x6723f000 	C:\Program Files (x86)\Java\jdk1.8.0_05\jre\bin\javafx_font.dll
0x62160000 - 0x6226a000 	C:\Windows\system32\dwrite.dll
0x69ad0000 - 0x69bcb000 	C:\Windows\system32\WindowsCodecs.dll
0x73510000 - 0x7355c000 	C:\Windows\system32\apphelp.dll
0x69a40000 - 0x69ace000 	C:\Users\user\AppData\Local\MEGAsync\ShellExtX32.dll
0x60560000 - 0x60593000 	C:\Windows\SysWOW64\AcSignIcon.dll
0x6dfd0000 - 0x6e021000 	C:\Windows\SysWOW64\WINSPOOL.DRV
0x69a00000 - 0x69a31000 	C:\Windows\system32\EhStorShell.dll
0x6e350000 - 0x6e445000 	C:\Windows\system32\PROPSYS.dll
0x661c0000 - 0x663dd000 	C:\PROGRA~2\MICROS~1\Office12\GR469A~1.DLL
0x68ef0000 - 0x68fe1000 	C:\PROGRA~2\MICROS~1\Office12\GrooveUtil.DLL
0x760c0000 - 0x761da000 	C:\Windows\syswow64\WININET.dll
0x74d10000 - 0x74d13000 	C:\Windows\syswow64\Normaliz.dll
0x75b60000 - 0x75d16000 	C:\Windows\syswow64\iertutil.dll
0x765d0000 - 0x766e0000 	C:\Windows\syswow64\urlmon.dll
0x74d20000 - 0x74e3d000 	C:\Windows\syswow64\CRYPT32.dll
0x74c00000 - 0x74c0c000 	C:\Windows\syswow64\MSASN1.dll
0x711f0000 - 0x7128b000 	C:\Windows\WinSxS\x86_microsoft.vc80.crt_1fc8b3b9a1e18e3b_8.0.50727.6229_none_d089f796442de10e\MSVCR80.dll
0x68ff0000 - 0x68ff7000 	C:\PROGRA~2\MICROS~1\Office12\GrooveNew.DLL
0x717e0000 - 0x717fb000 	C:\Windows\WinSxS\x86_microsoft.vc80.atl_1fc8b3b9a1e18e3b_8.0.50727.6195_none_d1cb102c435421de\ATL80.DLL
0x73610000 - 0x73615000 	C:\Windows\system32\MSImg32.dll
0x698b0000 - 0x69920000 	C:\Windows\system32\ntshrui.dll
0x70b80000 - 0x70b99000 	C:\Windows\system32\srvcli.dll
0x73560000 - 0x7356b000 	C:\Windows\system32\cscapi.dll
0x6d680000 - 0x6d68a000 	C:\Windows\system32\slc.dll
0x67120000 - 0x6712e000 	C:\Program Files (x86)\Java\jdk1.8.0_05\jre\bin\prism_common.dll
0x6fd10000 - 0x6fdfb000 	C:\Windows\system32\dbghelp.dll

VM Arguments:
jvm_args: -Dfile.encoding=UTF-8 -Xmx1024m -agentpath:C:/Program Files (x86)/NetBeans 8.0/profiler/lib/deployed/jdk16/windows/profilerinterface.dll=C:\Program Files (x86)\NetBeans 8.0\profiler\lib,5140,10 -XX:+HeapDumpOnOutOfMemoryError -XX:HeapDumpPath=H:\HELIX 2\GAOPT\nbproject\private\profiler 
java_command: test3d.drawerDemoMod
java_class_path (initial): H:\HELIX 2\GAOPT\commons-math3-3.6.1\commons-math3-3.6.1-javadoc.jar;H:\HELIX 2\GAOPT\commons-math3-3.6.1\commons-math3-3.6.1-tools.jar;H:\HELIX 2\GAOPT\commons-math3-3.6.1\commons-math3-3.6.1.jar;H:\HELIX 2\GAOPT\gnujaxp.jar;H:\HELIX 2\GAOPT\itextpdf-5.5.9.jar;H:\HELIX 2\GAOPT\jcommon-1.0.0.jar;H:\HELIX 2\GAOPT\jfoenix.jar;H:\HELIX 2\GAOPT\jfreechart-1.0.1.jar;H:\HELIX 2\GAOPT\junit.jar;H:\HELIX 2\GAOPT\servlet.jar;H:\ojalgo-41.0.0.jar;H:\arpack-combo-0.9.4.jar;H:\mtj-1.0.3-javadoc.jar;H:\mtj-1.0.3.jar;H:\netlib-java-0.9.3.jar;H:\HELIX 2\GAOPT\build\classes
Launcher Type: SUN_STANDARD

Environment Variables:
PATH=C:\Program Files (x86)\NVIDIA Corporation\PhysX\Common;C:\Program Files (x86)\Silverfrost\FTN95;C:\Program Files (x86)\Pervasive Software\PSQL\bin\;C:\Windows\system32;C:\Windows;C:\Windows\System32\Wbem;C:\Windows\System32\WindowsPowerShell\v1.0\;C:\Program Files (x86)\Steel Bank Common Lisp\1.1.12\;D:\setups\lispbox-0.7\emacs-23.2\bin\;C:\opencv\build\x64\vc10\bin;C:\Program Files (x86)\Tesseract-OCR;C:\Program Files (x86)\Windows Kits\8.1\Windows Performance Toolkit\;C:\Program Files\Microsoft SQL Server\110\Tools\Binn\;C:\Program Files (x86)\Microsoft SDKs\TypeScript\1.0\;C:\adb;C:\Program Files (x86)\scilab-5.5.1\bin;C:\Program Files (x86)\MiKTeX 2.9\miktex\bin\
USERNAME=user
OS=Windows_NT
PROCESSOR_IDENTIFIER=Intel64 Family 6 Model 58 Stepping 9, GenuineIntel



---------------  S Y S T E M  ---------------

OS: Windows 7 , 64 bit Build 7601 Service Pack 1

CPU:total 4 (2 cores per cpu, 2 threads per core) family 6 model 58 stepping 9, cmov, cx8, fxsr, mmx, sse, sse2, sse3, ssse3, sse4.1, sse4.2, popcnt, avx, clmul, erms, ht, tsc, tscinvbit

Memory: 4k page, physical 4066668k(1734836k free), swap 8131488k(4538620k free)

vm_info: Java HotSpot(TM) Client VM (25.5-b02) for windows-x86 JRE (1.8.0_05-b13), built on Mar 18 2014 01:14:47 by "java_re" with MS VC++ 10.0 (VS2010)

time: Wed Jan 18 19:39:02 2017
elapsed time: 373 seconds

